2023-12-17T23:52:02.336610+01:00 0x00006640         RoomsPlatformUtils: Process invoked without rooms flag, no platform ID override provided
2023-12-17T23:52:02.400058+01:00 0x00006640         TelemetryService: Sampling rules from previous session recovered
2023-12-17T23:52:02.400058+01:00 0x00006640         BackgroundTaskBase: Registering msteamsupdate.exe as bgtask com server for task: TeamsAsyncUpdaterTask
2023-12-17T23:52:02.400058+01:00 0x00006640         Scenario: shell_bgtask_comserverregistration [start,success] Scenario.Status:success, Scenario.Step:start, delta:0, elapsed:0, elapsedSinceProcessStart:239, sequence:0
2023-12-17T23:52:02.409495+01:00 0x0000441c         AsyncUpdaterTask: Starting updater background task
2023-12-17T23:52:02.409495+01:00 0x0000441c         Scenario: shell_ecs_refresh [start,success] Scenario.Status:success, Scenario.Step:start, delta:0, elapsed:0, elapsedSinceProcessStart:250, sequence:0
2023-12-17T23:52:02.428920+01:00 0x0000441c         Scenario: shell_peristent_storage_read [start,success] Scenario.Status:success, Scenario.Step:start, delta:0, elapsed:29, elapsedSinceProcessStart:279, sequence:0
2023-12-17T23:52:02.428920+01:00 0x0000441c         TelemetryService: Restored sampling rules from previous session
2023-12-17T23:52:02.428920+01:00 0x0000441c         Scenario: shell_peristent_storage_read [stop,abandoned] InstanceId:9455d169-4f8e-456a-8bf7-02c8e8ed93da, Scenario.Mode:1, Scenario.Name:shell_peristent_storage_read, Scenario.Status:abandoned, Scenario.Step:stop, delta:0, elapsed:29, elapsedSinceProcessStart:279, error:no such file or directory, fileName:configuration.json, previousStep:start, sequence:1, stepDelta:0
2023-12-17T23:52:02.444567+01:00 0x0000441c         Scenario: shell_peristent_storage_read [start,success] Scenario.Status:success, Scenario.Step:start, delta:0, elapsed:35, elapsedSinceProcessStart:285, sequence:0
2023-12-17T23:52:02.449890+01:00 0x0000441c         Scenario: shell_peristent_storage_read [stop,success] InstanceId:516561a9-376a-4973-a663-68957250bb06, Scenario.Mode:1, Scenario.Name:shell_peristent_storage_read, Scenario.Status:success, Scenario.Step:stop, delta:5, elapsed:40, elapsedSinceProcessStart:290, fileName:ecs_request_param.json, previousStep:start, sequence:1, stepDelta:5
2023-12-17T23:52:02.449890+01:00 0x0000441c         TelemetryService: No primary user detected during a SetUserTenantId Call, setting 9188040d-6c67-4c5b-b112-36a304b66dad as default tenant
2023-12-17T23:52:02.449890+01:00 0x0000441c         TelemetryService: No primary user detected during a SetUserId Call, setting 00000000-0000-0000-5698-aa03a66c287b as UserInfo_Id
2023-12-17T23:52:02.449890+01:00 0x0000441c         AsyncUpdaterTask: Starting ecs fetch
2023-12-17T23:52:02.462384+01:00 0x0000441c         Scenario: shell_ecs_cache [start,success] Scenario.Status:success, Scenario.Step:start, delta:0, elapsed:51, elapsedSinceProcessStart:301, sequence:0
2023-12-17T23:52:02.465002+01:00 0x0000441c         Scenario: shell_ecs_cache [stop,success] InstanceId:6db4b756-47a1-4c01-b6f0-04143f140c8f, LatestVersion:23306.3309.2530.1346, LatestVersionPath:/BuildSettings/WebView2/x64/latestVersion, Scenario.Mode:1, Scenario.Name:shell_ecs_cache, Scenario.Status:success, Scenario.Step:stop, StatusCode:200, TeamsBuilds:["arm64","x64","x86"], TeamsWebView2:["app","auth","autostart","core","deviceCapability","ecs","extensibility","logging","meetNow","nativeModules","nbaFinalExperience","security","systemTray","taskbar","telemetry","thirdPartyDevices","tma","toasts","update","uxStateError","webLauncher","webNrc","webview","windowcontrols"], configExpiryTimeInSec:0, delta:4, elapsed:55, elapsedSinceProcessStart:305, expiry:Mon, 18 Dec 2023 01:16:58 GMT, previousStep:start, process:updater, requestParameters:{"ClientId":"a3f37b5e-1db7-4a11-acca-a407b419b5a1","aaduserid":"00000000-0000-0000-5698-aa03a66c287b","agents":"TeamsBuilds,TeamsWebview2","audience":"general","cloud":"Consumer","cpuarch":"x64","desktopVersion":"23306.3309.2530.1346","environment":"life","id":"00000000-0000-0000-5698-aa03a66c287b","osplatform":"windows","osversion":"10.0.22621","teamslocale":"fr-fr","teamsring":"general","tenantId":"9188040d-6c67-4c5b-b112-36a304b66dad"}, sequence:1, stepDelta:4
2023-12-17T23:52:02.465002+01:00 0x0000441c         EcsFetchCompletion: Ecs settings are already up to date
2023-12-17T23:52:02.465002+01:00 0x0000441c         Scenario: shell_ecs_refresh [stop,abandoned] InstanceId:cb39f0e0-f62f-4920-b9f2-d5543c5993ff, Scenario.Mode:1, Scenario.Name:shell_ecs_refresh, Scenario.Status:abandoned, Scenario.Step:stop, delta:55, elapsed:55, elapsedSinceProcessStart:305, previousStep:start, reason:up to date, sequence:1, stepDelta:55
2023-12-17T23:52:02.465002+01:00 0x0000441c         AsyncUpdaterTask: Using cancellation flow version 0
2023-12-17T23:52:02.465002+01:00 0x0000441c         AsyncUpdaterTask: Completed ecs fetch. Result is 0
2023-12-17T23:52:02.465002+01:00 0x0000441c         GetBuildDaysTillEnd: Current build age is: 46
2023-12-17T23:52:02.476524+01:00 0x0000441c         Scenario: shell_msix_update [start,success] Scenario.Status:success, Scenario.Step:start, delta:0, elapsed:64, elapsedSinceProcessStart:314, sequence:0
2023-12-17T23:52:02.476524+01:00 0x0000441c <ERROR> DeploymentProviderMSIX: Already up to date
2023-12-17T23:52:02.476524+01:00 0x0000441c <ERROR> WIL: msteamsupdate.exe!00007FF7C75CCCC4: LogHr(1) tid(441c) 800704C7 L’opération a été annulée par l’utilisateur.
2023-12-17T23:52:02.476524+01:00 0x0000441c <ERROR> WIL: msteamsupdate.exe!00007FF7C770C0C6: ReturnHr(1) tid(441c) 800704C7 L’opération a été annulée par l’utilisateur.
    Msg:[winrt::hresult_error: L’opération a été annulée par l’utilisateur.] 
2023-12-17T23:52:02.507793+01:00 0x0000441c         Scenario: shell_msix_update [stop,incomplete] CurrentVersion:23306.3309.2530.1346, DeviceInfo_OfficeMachineId:bcda4b11-3dc1-0844-8443-fc78848d67f3, ErrorText:, ExtendedErrorCode:0x0
, GenericErrorCode:0x800704c7
, InstanceId:3be22b9d-c3f5-4a01-828f-b8d967fdd76e, LatestVersion:23306.3309.2530.1346, Scenario.Mode:3, Scenario.Name:shell_msix_update, Scenario.Status:incomplete, Scenario.Step:stop, Scenario.Steps:[{"Scenario.Status":"incomplete","Scenario.Step":"stop","delta":10,"elapsed":74,"elapsedSinceProcessStart":324,"previousStep":"start","sequence":1,"stepDelta":10}], Scenario.StepsEx:[{"CurrentVersion":"23306.3309.2530.1346","DeviceInfo_OfficeMachineId":"bcda4b11-3dc1-0844-8443-fc78848d67f3","ErrorText":"","ExtendedErrorCode":"0x0\n","GenericErrorCode":"0x800704c7\n","LatestVersion":"23306.3309.2530.1346","UpdateCheckReason":"BgUpdateCheck","UpdateFailureCount":0,"UpdateUrl":"https://statics.teams.cdn.office.net/production-windows-x64/23306.3309.2530.1346/MicrosoftTeams-x64.msix"}], UpdateCheckReason:BgUpdateCheck, UpdateFailureCount:0, UpdateUrl:https://statics.teams.cdn.office.net/production-windows-x64/23306.3309.2530.1346/MicrosoftTeams-x64.msix, delta:10, elapsed:74, elapsedSinceProcessStart:324, previousStep:start, sequence:1, stepDelta:10
2023-12-17T23:52:02.507793+01:00 0x0000441c         Scenario: shell_install_msi_addin [start,success] Scenario.Status:success, Scenario.Step:start, delta:0, elapsed:103, elapsedSinceProcessStart:353, sequence:0
2023-12-17T23:52:02.507793+01:00 0x0000441c         Scenario: shell_install_msi_addin [stop,abandoned] InstanceId:e0550824-770b-4480-acdf-bfce688b0c70, Scenario.Mode:3, Scenario.Name:shell_install_msi_addin, Scenario.Status:abandoned, Scenario.Step:stop, Scenario.Steps:[{"Scenario.Status":"abandoned","Scenario.Step":"stop","delta":0,"elapsed":103,"elapsedSinceProcessStart":353,"previousStep":"start","sequence":1,"stepDelta":0}], Scenario.StepsEx:[{"UpdateCheckReason":"BackgroundUpdate","reason":"flag_off"}], UpdateCheckReason:BackgroundUpdate, delta:0, elapsed:103, elapsedSinceProcessStart:353, previousStep:start, reason:flag_off, sequence:1, stepDelta:0
2023-12-17T23:52:02.507793+01:00 0x0000441c         AsyncUpdaterTask: Updater task completed
2023-12-17T23:52:02.507793+01:00 0x00006640         Scenario: shell_bgtask_comserverregistration [stop,success] InstanceId:c32e8aa4-b07b-4785-ad75-0918ba9a96d7, Scenario.Mode:3, Scenario.Name:shell_bgtask_comserverregistration, Scenario.Status:success, Scenario.Step:stop, Scenario.Steps:[{"Scenario.Status":"success","Scenario.Step":"stop","delta":116,"elapsed":116,"elapsedSinceProcessStart":355,"previousStep":"start","sequence":1,"stepDelta":116}], Scenario.StepsEx:[{"taskName":"TeamsAsyncUpdaterTask"}], delta:116, elapsed:116, elapsedSinceProcessStart:355, previousStep:start, sequence:1, stepDelta:116, taskName:TeamsAsyncUpdaterTask
2023-12-17T23:52:03.598406+01:00 0x00006640         TelemetryService: Telemetry service stopped
