2023-12-20T19:55:14.256904+01:00 0x0000155c         RoomsPlatformUtils: Process invoked without rooms flag, no platform ID override provided
2023-12-20T19:55:14.324741+01:00 0x0000155c         TelemetryService: Sampling rules from previous session recovered
2023-12-20T19:55:14.326502+01:00 0x0000155c         BackgroundTaskBase: Registering msteamsupdate.exe as bgtask com server for task: TeamsEcsTask
2023-12-20T19:55:14.326502+01:00 0x0000155c         Scenario: shell_bgtask_comserverregistration [start,success] Scenario.Status:success, Scenario.Step:start, delta:0, elapsed:0, elapsedSinceProcessStart:276, sequence:0
2023-12-20T19:55:14.354080+01:00 0x00005450         EcsBackgroundTask: Starting ecs background task
2023-12-20T19:55:14.354080+01:00 0x00005450         Scenario: shell_ecs_refresh [start,success] Scenario.Status:success, Scenario.Step:start, delta:0, elapsed:0, elapsedSinceProcessStart:302, sequence:0
2023-12-20T19:55:14.399891+01:00 0x00005450         Scenario: shell_peristent_storage_read [start,success] Scenario.Status:success, Scenario.Step:start, delta:0, elapsed:49, elapsedSinceProcessStart:351, sequence:0
2023-12-20T19:55:14.399891+01:00 0x00005450         TelemetryService: Restored sampling rules from previous session
2023-12-20T19:55:14.399891+01:00 0x00005450         Scenario: shell_peristent_storage_read [stop,abandoned] InstanceId:cbd9e224-c566-4f2f-a24a-cbf91b0c233c, Scenario.Mode:1, Scenario.Name:shell_peristent_storage_read, Scenario.Status:abandoned, Scenario.Step:stop, delta:0, elapsed:49, elapsedSinceProcessStart:351, error:no such file or directory, fileName:configuration.json, previousStep:start, sequence:1, stepDelta:0
2023-12-20T19:55:14.408703+01:00 0x00005450         Scenario: shell_peristent_storage_read [start,success] Scenario.Status:success, Scenario.Step:start, delta:0, elapsed:58, elapsedSinceProcessStart:360, sequence:0
2023-12-20T19:55:14.420004+01:00 0x00005450         Scenario: shell_peristent_storage_read [stop,success] InstanceId:c90d6c07-76cf-43f6-867b-51ea7391868f, Scenario.Mode:1, Scenario.Name:shell_peristent_storage_read, Scenario.Status:success, Scenario.Step:stop, delta:9, elapsed:67, elapsedSinceProcessStart:369, fileName:ecs_request_param.json, previousStep:start, sequence:1, stepDelta:9
2023-12-20T19:55:14.420004+01:00 0x00005450         TelemetryService: No primary user detected during a SetUserTenantId Call, setting 9188040d-6c67-4c5b-b112-36a304b66dad as default tenant
2023-12-20T19:55:14.424604+01:00 0x00005450         TelemetryService: No primary user detected during a SetUserId Call, setting 00000000-0000-0000-5698-aa03a66c287b as UserInfo_Id
2023-12-20T19:55:14.439917+01:00 0x00005450         Scenario: shell_ecs_cache [start,success] Scenario.Status:success, Scenario.Step:start, delta:0, elapsed:87, elapsedSinceProcessStart:389, sequence:0
2023-12-20T19:55:14.447963+01:00 0x00005450         Scenario: shell_ecs_cache [stop,success] InstanceId:3c23cd94-1488-4785-bc80-2039798acbda, LatestVersion:23306.3309.2530.1346, LatestVersionPath:/BuildSettings/WebView2/x64/latestVersion, Scenario.Mode:1, Scenario.Name:shell_ecs_cache, Scenario.Status:success, Scenario.Step:stop, StatusCode:200, TeamsBuilds:["arm64","x64","x86"], TeamsWebView2:["app","auth","autostart","core","deviceCapability","ecs","extensibility","logging","meetNow","nativeModules","nbaFinalExperience","security","systemTray","taskbar","telemetry","thirdPartyDevices","tma","toasts","update","uxStateError","webLauncher","webNrc","webview","windowcontrols"], configExpiryTimeInSec:0, delta:9, elapsed:96, elapsedSinceProcessStart:398, expiry:Wed, 20 Dec 2023 21:11:24 GMT, previousStep:start, process:updater, requestParameters:{"ClientId":"720bc908-8c03-4c24-ac33-cc7175733a52","aaduserid":"00000000-0000-0000-5698-aa03a66c287b","agents":"TeamsBuilds,TeamsWebview2","audience":"general","cloud":"Consumer","cpuarch":"x64","desktopVersion":"23306.3309.2530.1346","environment":"life","id":"00000000-0000-0000-5698-aa03a66c287b","osplatform":"windows","osversion":"10.0.22621","teamslocale":"fr-fr","teamsring":"general","tenantId":"9188040d-6c67-4c5b-b112-36a304b66dad"}, sequence:1, stepDelta:9
2023-12-20T19:55:14.447963+01:00 0x00005450         EcsFetchCompletion: Ecs settings are already up to date
2023-12-20T19:55:14.447963+01:00 0x00005450         Scenario: shell_ecs_refresh [stop,abandoned] InstanceId:93cdc2b3-41b3-4829-81ad-c40bb4f82089, Scenario.Mode:1, Scenario.Name:shell_ecs_refresh, Scenario.Status:abandoned, Scenario.Step:stop, delta:97, elapsed:97, elapsedSinceProcessStart:399, previousStep:start, reason:up to date, sequence:1, stepDelta:97
2023-12-20T19:55:14.455985+01:00 0x00005450         EcsBackgroundTask: Completed ecs background task
2023-12-20T19:55:14.455985+01:00 0x0000155c         Scenario: shell_bgtask_comserverregistration [stop,success] InstanceId:2236efde-0686-44b8-97a9-a2a25f25a4d4, Scenario.Mode:3, Scenario.Name:shell_bgtask_comserverregistration, Scenario.Status:success, Scenario.Step:stop, Scenario.Steps:[{"Scenario.Status":"success","Scenario.Step":"stop","delta":131,"elapsed":131,"elapsedSinceProcessStart":407,"previousStep":"start","sequence":1,"stepDelta":131}], Scenario.StepsEx:[{"taskName":"TeamsEcsTask"}], delta:131, elapsed:131, elapsedSinceProcessStart:407, previousStep:start, sequence:1, stepDelta:131, taskName:TeamsEcsTask
2023-12-20T19:55:15.225238+01:00 0x0000155c         TelemetryService: Telemetry service stopped
