2023-12-17T23:52:02.337610+01:00 0x000047a8         RoomsPlatformUtils: Process invoked without rooms flag, no platform ID override provided
2023-12-17T23:52:02.387408+01:00 0x000047a8         TelemetryService: Sampling rules from previous session recovered
2023-12-17T23:52:02.387408+01:00 0x000047a8         BackgroundTaskBase: Registering msteamsupdate.exe as bgtask com server for task: TeamsEcsTask
2023-12-17T23:52:02.387408+01:00 0x000047a8         Scenario: shell_bgtask_comserverregistration [start,success] Scenario.Status:success, Scenario.Step:start, delta:0, elapsed:0, elapsedSinceProcessStart:186, sequence:0
2023-12-17T23:52:02.405967+01:00 0x00006490         EcsBackgroundTask: Starting ecs background task
2023-12-17T23:52:02.405967+01:00 0x00006490         Scenario: shell_ecs_refresh [start,success] Scenario.Status:success, Scenario.Step:start, delta:0, elapsed:0, elapsedSinceProcessStart:202, sequence:0
2023-12-17T23:52:02.428920+01:00 0x00006490         Scenario: shell_peristent_storage_read [start,success] Scenario.Status:success, Scenario.Step:start, delta:0, elapsed:28, elapsedSinceProcessStart:230, sequence:0
2023-12-17T23:52:02.428920+01:00 0x00006490         TelemetryService: Restored sampling rules from previous session
2023-12-17T23:52:02.428920+01:00 0x00006490         Scenario: shell_peristent_storage_read [stop,abandoned] InstanceId:79da7269-0334-4129-9763-4d52319fe436, Scenario.Mode:1, Scenario.Name:shell_peristent_storage_read, Scenario.Status:abandoned, Scenario.Step:stop, delta:1, elapsed:29, elapsedSinceProcessStart:231, error:no such file or directory, fileName:configuration.json, previousStep:start, sequence:1, stepDelta:1
2023-12-17T23:52:02.428920+01:00 0x00006490         Scenario: shell_peristent_storage_read [start,success] Scenario.Status:success, Scenario.Step:start, delta:0, elapsed:34, elapsedSinceProcessStart:236, sequence:0
2023-12-17T23:52:02.444567+01:00 0x00006490         Scenario: shell_peristent_storage_read [stop,success] InstanceId:eb4c1897-4931-4d74-b6e7-465c9f98728f, Scenario.Mode:1, Scenario.Name:shell_peristent_storage_read, Scenario.Status:success, Scenario.Step:stop, delta:6, elapsed:40, elapsedSinceProcessStart:242, fileName:ecs_request_param.json, previousStep:start, sequence:1, stepDelta:6
2023-12-17T23:52:02.448112+01:00 0x00006490         TelemetryService: No primary user detected during a SetUserTenantId Call, setting 9188040d-6c67-4c5b-b112-36a304b66dad as default tenant
2023-12-17T23:52:02.448112+01:00 0x00006490         TelemetryService: No primary user detected during a SetUserId Call, setting 00000000-0000-0000-5698-aa03a66c287b as UserInfo_Id
2023-12-17T23:52:02.449890+01:00 0x00006490         Scenario: shell_ecs_cache [start,success] Scenario.Status:success, Scenario.Step:start, delta:0, elapsed:49, elapsedSinceProcessStart:251, sequence:0
2023-12-17T23:52:02.460410+01:00 0x00006490         Scenario: shell_ecs_cache [stop,success] InstanceId:3e0c1857-ccbd-46e6-b37c-297de8f37c9c, LatestVersion:23306.3309.2530.1346, LatestVersionPath:/BuildSettings/WebView2/x64/latestVersion, Scenario.Mode:1, Scenario.Name:shell_ecs_cache, Scenario.Status:success, Scenario.Step:stop, StatusCode:200, TeamsBuilds:["arm64","x64","x86"], TeamsWebView2:["app","auth","autostart","core","deviceCapability","ecs","extensibility","logging","meetNow","nativeModules","nbaFinalExperience","security","systemTray","taskbar","telemetry","thirdPartyDevices","tma","toasts","update","uxStateError","webLauncher","webNrc","webview","windowcontrols"], configExpiryTimeInSec:0, delta:3, elapsed:52, elapsedSinceProcessStart:254, expiry:Mon, 18 Dec 2023 01:16:58 GMT, previousStep:start, process:updater, requestParameters:{"ClientId":"a3f37b5e-1db7-4a11-acca-a407b419b5a1","aaduserid":"00000000-0000-0000-5698-aa03a66c287b","agents":"TeamsBuilds,TeamsWebview2","audience":"general","cloud":"Consumer","cpuarch":"x64","desktopVersion":"23306.3309.2530.1346","environment":"life","id":"00000000-0000-0000-5698-aa03a66c287b","osplatform":"windows","osversion":"10.0.22621","teamslocale":"fr-fr","teamsring":"general","tenantId":"9188040d-6c67-4c5b-b112-36a304b66dad"}, sequence:1, stepDelta:3
2023-12-17T23:52:02.460410+01:00 0x00006490         EcsFetchCompletion: Ecs settings are already up to date
2023-12-17T23:52:02.460410+01:00 0x00006490         Scenario: shell_ecs_refresh [stop,abandoned] InstanceId:a0d6b056-d1ba-4964-af27-1928c3124208, Scenario.Mode:1, Scenario.Name:shell_ecs_refresh, Scenario.Status:abandoned, Scenario.Step:stop, delta:53, elapsed:53, elapsedSinceProcessStart:255, previousStep:start, reason:up to date, sequence:1, stepDelta:53
2023-12-17T23:52:02.465002+01:00 0x00006490         EcsBackgroundTask: Completed ecs background task
2023-12-17T23:52:02.465002+01:00 0x000047a8         Scenario: shell_bgtask_comserverregistration [stop,success] InstanceId:1c5a706d-b48d-474f-b906-e62829ceab52, Scenario.Mode:3, Scenario.Name:shell_bgtask_comserverregistration, Scenario.Status:success, Scenario.Step:stop, Scenario.Steps:[{"Scenario.Status":"success","Scenario.Step":"stop","delta":73,"elapsed":73,"elapsedSinceProcessStart":259,"previousStep":"start","sequence":1,"stepDelta":73}], Scenario.StepsEx:[{"taskName":"TeamsEcsTask"}], delta:73, elapsed:73, elapsedSinceProcessStart:259, previousStep:start, sequence:1, stepDelta:73, taskName:TeamsEcsTask
2023-12-17T23:52:03.566632+01:00 0x000047a8         TelemetryService: Telemetry service stopped
